\BOOKMARK [-1][-]{part.1}{I Averages of arithmetical functions}{}% 1
\BOOKMARK [0][-]{chapter.1}{ Explicit bounds on primes}{part.1}% 2
\BOOKMARK [1][-]{section.1.1}{Bounds on primes, in special ranges}{chapter.1}% 3
\BOOKMARK [1][-]{section.1.2}{Bounds on primes, without any congruence condition}{chapter.1}% 4
\BOOKMARK [1][-]{section.1.3}{Bounds on the n-th prime}{chapter.1}% 5
\BOOKMARK [1][-]{section.1.4}{Bounds on primes in arithmetic progressions}{chapter.1}% 6
\BOOKMARK [1][-]{section.1.5}{Least prime verifying a condition}{chapter.1}% 7
\BOOKMARK [0][-]{chapter.2}{ Explicit bounds on the Moebius function}{part.1}% 8
\BOOKMARK [1][-]{section.2.1}{Bounds on M\(D\)=dD\(d\)}{chapter.2}% 9
\BOOKMARK [1][-]{section.2.2}{Bounds on m\(D\)=dD\(d\)/d}{chapter.2}% 10
\BOOKMARK [1][-]{section.2.3}{Bounds on \(D\)=dD\(d\)log\(D/d\)/d}{chapter.2}% 11
\BOOKMARK [1][-]{section.2.4}{Miscellanae}{chapter.2}% 12
\BOOKMARK [1][-]{section.2.5}{The Moebius function and arithmetic progressions}{chapter.2}% 13
\BOOKMARK [0][-]{chapter.3}{ Averages of non-negative multiplicative functions}{part.1}% 14
\BOOKMARK [1][-]{section.3.1}{Asymptotic estimates}{chapter.3}% 15
\BOOKMARK [1][-]{section.3.2}{Upper bounds}{chapter.3}% 16
\BOOKMARK [1][-]{section.3.3}{Estimates of some special functions}{chapter.3}% 17
\BOOKMARK [1][-]{section.3.4}{Euler products}{chapter.3}% 18
\BOOKMARK [0][-]{chapter.4}{ Explicit pointwise upper bounds for some special arithmetic functions}{part.1}% 19
\BOOKMARK [-1][-]{part.2}{II Exact computations}{}% 20
\BOOKMARK [0][-]{chapter.5}{ Exact computations of the number of primes}{part.2}% 21
\BOOKMARK [0][-]{chapter.6}{ Computations of arithmetical constants}{part.2}% 22
\BOOKMARK [1][-]{section.6.1}{Euler products of rational functions}{chapter.6}% 23
\BOOKMARK [1][-]{section.6.2}{Some special sums over prime values that are derivatives}{chapter.6}% 24
\BOOKMARK [-1][-]{part.3}{III General analytical tools}{}% 25
\BOOKMARK [0][-]{chapter.7}{ Tools on Fourier transforms}{part.3}% 26
\BOOKMARK [1][-]{section.7.1}{The large sieve inequality}{chapter.7}% 27
\BOOKMARK [0][-]{chapter.8}{ Tools on Mellin transforms}{part.3}% 28
\BOOKMARK [1][-]{section.8.1}{Explicit truncated Perron formula}{chapter.8}% 29
\BOOKMARK [1][-]{section.8.2}{L2-means}{chapter.8}% 30
\BOOKMARK [-1][-]{part.4}{IV Exponential sums / points close to curves}{}% 31
\BOOKMARK [0][-]{chapter.9}{ Explicit results on exponential sums}{part.4}% 32
\BOOKMARK [0][-]{chapter.10}{ Integer Points near Smooth Plane Curves}{part.4}% 33
\BOOKMARK [1][-]{section.10.1}{Bounds using elementary methods}{chapter.10}% 34
\BOOKMARK [1][-]{section.10.2}{Bounds using exponential sums techniques}{chapter.10}% 35
\BOOKMARK [1][-]{section.10.3}{Integer points on curves}{chapter.10}% 36
\BOOKMARK [-1][-]{part.5}{V Size of L\(1,\) and character sums }{}% 37
\BOOKMARK [0][-]{chapter.11}{ Size of L\(1,\)}{part.5}% 38
\BOOKMARK [1][-]{section.11.1}{Upper bounds for |L\(1,\)|}{chapter.11}% 39
\BOOKMARK [1][-]{section.11.2}{Lower bounds for |L\(1,\)|}{chapter.11}% 40
\BOOKMARK [0][-]{chapter.12}{ Character sums}{part.5}% 41
\BOOKMARK [1][-]{section.12.1}{Explicit Polya-Vinogradov inequalities}{chapter.12}% 42
\BOOKMARK [1][-]{section.12.2}{Burgess type estimates}{chapter.12}% 43
\BOOKMARK [-1][-]{part.6}{VI Zeros and zero-free regions}{}% 44
\BOOKMARK [0][-]{chapter.13}{ Bounds for |\(s\)|, |L\(s,\)| and related questions}{part.6}% 45
\BOOKMARK [1][-]{section.13.1}{Size of |\(s\)| and of L-series}{chapter.13}% 46
\BOOKMARK [1][-]{section.13.2}{On the total number of zeroes}{chapter.13}% 47
\BOOKMARK [1][-]{section.13.3}{L2-averages}{chapter.13}% 48
\BOOKMARK [1][-]{section.13.4}{Bounds on the real line}{chapter.13}% 49
\BOOKMARK [0][-]{chapter.14}{ Explicit zero-free regions for the \040and L functions}{part.6}% 50
\BOOKMARK [1][-]{section.14.1}{Numerical verifications of the Generalized Riemann Hypothesis}{chapter.14}% 51
\BOOKMARK [1][-]{section.14.2}{Asymptotical zero-free regions}{chapter.14}% 52
\BOOKMARK [1][-]{section.14.3}{Real zeros}{chapter.14}% 53
\BOOKMARK [1][-]{section.14.4}{Density estimates}{chapter.14}% 54
\BOOKMARK [1][-]{section.14.5}{Miscellanae}{chapter.14}% 55
\BOOKMARK [-1][-]{part.7}{VII Sieve and short interval results }{}% 56
\BOOKMARK [0][-]{chapter.15}{ Short intervals containing primes}{part.7}% 57
\BOOKMARK [1][-]{section.15.1}{Interval with primes, without any congruence condition}{chapter.15}% 58
\BOOKMARK [1][-]{section.15.2}{Interval with primes under RH, without any congruence condition}{chapter.15}% 59
\BOOKMARK [1][-]{section.15.3}{Interval with primes, with congruence condition}{chapter.15}% 60
\BOOKMARK [0][-]{chapter.16}{ Sieve bounds}{part.7}% 61
\BOOKMARK [1][-]{section.16.1}{Some upper bounds}{chapter.16}% 62
\BOOKMARK [1][-]{section.16.2}{Combinatorial sieve estimates}{chapter.16}% 63
\BOOKMARK [-1][-]{part.8}{VIII Analytic Number Theory in Number Fields}{}% 64
\BOOKMARK [0][-]{chapter.17}{ Bounds on the Dedekind zeta-function}{part.8}% 65
\BOOKMARK [1][-]{section.17.1}{Size }{chapter.17}% 66
\BOOKMARK [1][-]{section.17.2}{Zeroes and zero-free regions }{chapter.17}% 67
\BOOKMARK [-1][-]{part.9}{IX Applications}{}% 68
\BOOKMARK [0][-]{chapter.18}{ Explicit bounds for class numbers}{part.9}% 69
\BOOKMARK [1][-]{section.18.1}{Majorising hKRK}{chapter.18}% 70
\BOOKMARK [1][-]{section.18.2}{Majorising hK}{chapter.18}% 71
\BOOKMARK [1][-]{section.18.3}{Using the influence of small primes}{chapter.18}% 72
\BOOKMARK [1][-]{section.18.4}{The h-K of CM-fields}{chapter.18}% 73
\BOOKMARK [0][-]{chapter.19}{ Primitive Roots}{part.9}% 74
\BOOKMARK [-1][-]{part.10}{X Development}{}% 75
\BOOKMARK [0][-]{chapter.20}{README}{part.10}% 76
\BOOKMARK [1][-]{section.20.1}{How to write}{chapter.20}% 77
\BOOKMARK [1][-]{section.20.2}{How to contribute}{chapter.20}% 78
\BOOKMARK [1][-]{section.20.3}{Adding a part or a chapter}{chapter.20}% 79
\BOOKMARK [0][-]{chapter*.4}{Bibliography}{part.10}% 80
