This is pdfTeX, Version 3.14159265-2.6-1.40.20 (TeX Live 2019/Debian) (preloaded format=latex 2020.5.12)  20 JAN 2022 09:15
entering extended mode
 restricted \write18 enabled.
 %&-line parsing enabled.
**biblio.tex
(./biblio.tex
LaTeX2e <2020-02-02> patch level 2
L3 programming layer <2020-02-14>
(/usr/share/texlive/texmf-dist/tex/latex/base/article.cls
Document Class: article 2019/12/20 v1.4l Standard LaTeX document class
(/usr/share/texlive/texmf-dist/tex/latex/base/size10.clo
File: size10.clo 2019/12/20 v1.4l Standard LaTeX file (size option)
)
\c@part=\count167
\c@section=\count168
\c@subsection=\count169
\c@subsubsection=\count170
\c@paragraph=\count171
\c@subparagraph=\count172
\c@figure=\count173
\c@table=\count174
\abovecaptionskip=\skip47
\belowcaptionskip=\skip48
\bibindent=\dimen134
)
(/usr/share/texlive/texmf-dist/tex/latex/amsfonts/amsfonts.sty
Package: amsfonts 2013/01/14 v3.01 Basic AMSFonts support
\@emptytoks=\toks14
\symAMSa=\mathgroup4
\symAMSb=\mathgroup5
LaTeX Font Info:    Redeclaring math symbol \hbar on input line 98.
LaTeX Font Info:    Overwriting math alphabet `\mathfrak' in version `bold'
(Font)                  U/euf/m/n --> U/euf/b/n on input line 106.
)
(/usr/share/texlive/texmf-dist/tex/latex/amsfonts/amssymb.sty
Package: amssymb 2013/01/14 v3.01 AMS font symbols
)
(/usr/share/texlive/texmf-dist/tex/latex/url/url.sty
\Urlmuskip=\muskip16
Package: url 2013/09/16  ver 3.4  Verb mode for urls, etc.
)
(/usr/share/texlive/texmf-dist/tex/latex/hyperref/hyperref.sty
Package: hyperref 2020/01/14 v7.00d Hypertext links for LaTeX

(/usr/share/texlive/texmf-dist/tex/generic/ltxcmds/ltxcmds.sty
Package: ltxcmds 2019/12/15 v1.24 LaTeX kernel commands for general use (HO)
)
(/usr/share/texlive/texmf-dist/tex/generic/iftex/iftex.sty
Package: iftex 2019/11/07 v1.0c TeX engine tests
)
(/usr/share/texlive/texmf-dist/tex/latex/pdftexcmds/pdftexcmds.sty
Package: pdftexcmds 2019/11/24 v0.31 Utility functions of pdfTeX for LuaTeX (HO
)

(/usr/share/texlive/texmf-dist/tex/generic/infwarerr/infwarerr.sty
Package: infwarerr 2019/12/03 v1.5 Providing info/warning/error messages (HO)
)
Package pdftexcmds Info: \pdf@primitive is available.
Package pdftexcmds Info: \pdf@ifprimitive is available.
Package pdftexcmds Info: \pdfdraftmode is ignored in DVI mode.
)
(/usr/share/texlive/texmf-dist/tex/latex/graphics/keyval.sty
Package: keyval 2014/10/28 v1.15 key=value parser (DPC)
\KV@toks@=\toks15
)
(/usr/share/texlive/texmf-dist/tex/generic/kvsetkeys/kvsetkeys.sty
Package: kvsetkeys 2019/12/15 v1.18 Key value parser (HO)
)
(/usr/share/texlive/texmf-dist/tex/generic/kvdefinekeys/kvdefinekeys.sty
Package: kvdefinekeys 2019-12-19 v1.6 Define keys (HO)
)
(/usr/share/texlive/texmf-dist/tex/generic/pdfescape/pdfescape.sty
Package: pdfescape 2019/12/09 v1.15 Implements pdfTeX's escape features (HO)
)
(/usr/share/texlive/texmf-dist/tex/latex/hycolor/hycolor.sty
Package: hycolor 2020-01-27 v1.10 Color options for hyperref/bookmark (HO)
)
(/usr/share/texlive/texmf-dist/tex/latex/letltxmacro/letltxmacro.sty
Package: letltxmacro 2019/12/03 v1.6 Let assignment for LaTeX macros (HO)
)
(/usr/share/texlive/texmf-dist/tex/latex/auxhook/auxhook.sty
Package: auxhook 2019-12-17 v1.6 Hooks for auxiliary files (HO)
)
(/usr/share/texlive/texmf-dist/tex/latex/kvoptions/kvoptions.sty
Package: kvoptions 2019/11/29 v3.13 Key value format for package options (HO)
)
\@linkdim=\dimen135
\Hy@linkcounter=\count175
\Hy@pagecounter=\count176

(/usr/share/texlive/texmf-dist/tex/latex/hyperref/pd1enc.def
File: pd1enc.def 2020/01/14 v7.00d Hyperref: PDFDocEncoding definition (HO)
Now handling font encoding PD1 ...
... no UTF-8 mapping file for font encoding PD1
)
(/usr/share/texlive/texmf-dist/tex/generic/intcalc/intcalc.sty
Package: intcalc 2019/12/15 v1.3 Expandable calculations with integers (HO)
)
(/usr/share/texlive/texmf-dist/tex/generic/etexcmds/etexcmds.sty
Package: etexcmds 2019/12/15 v1.7 Avoid name clashes with e-TeX commands (HO)
)
\Hy@SavedSpaceFactor=\count177
\pdfmajorversion=\count178
Package hyperref Info: Hyper figures OFF on input line 4547.
Package hyperref Info: Link nesting OFF on input line 4552.
Package hyperref Info: Hyper index ON on input line 4555.
Package hyperref Info: Plain pages OFF on input line 4562.
Package hyperref Info: Backreferencing OFF on input line 4567.
Package hyperref Info: Implicit mode ON; LaTeX internals redefined.
Package hyperref Info: Bookmarks ON on input line 4800.
\c@Hy@tempcnt=\count179
LaTeX Info: Redefining \url on input line 5159.
\XeTeXLinkMargin=\dimen136

(/usr/share/texlive/texmf-dist/tex/generic/bitset/bitset.sty
Package: bitset 2019/12/09 v1.3 Handle bit-vector datatype (HO)

(/usr/share/texlive/texmf-dist/tex/generic/bigintcalc/bigintcalc.sty
Package: bigintcalc 2019/12/15 v1.5 Expandable calculations on big integers (HO
)
))
\Fld@menulength=\count180
\Field@Width=\dimen137
\Fld@charsize=\dimen138
Package hyperref Info: Hyper figures OFF on input line 6430.
Package hyperref Info: Link nesting OFF on input line 6435.
Package hyperref Info: Hyper index ON on input line 6438.
Package hyperref Info: backreferencing OFF on input line 6445.
Package hyperref Info: Link coloring OFF on input line 6450.
Package hyperref Info: Link coloring with OCG OFF on input line 6455.
Package hyperref Info: PDF/A mode OFF on input line 6460.
LaTeX Info: Redefining \ref on input line 6500.
LaTeX Info: Redefining \pageref on input line 6504.

(/usr/share/texlive/texmf-dist/tex/generic/atbegshi/atbegshi.sty
Package: atbegshi 2019/12/05 v1.19 At begin shipout hook (HO)
)
\Hy@abspage=\count181
\c@Item=\count182
\c@Hfootnote=\count183
)
Package hyperref Info: Driver (default): hdvips.

(/usr/share/texlive/texmf-dist/tex/latex/hyperref/hdvips.def
File: hdvips.def 2020/01/14 v7.00d Hyperref driver for dvips

(/usr/share/texlive/texmf-dist/tex/latex/hyperref/pdfmark.def
File: pdfmark.def 2020/01/14 v7.00d Hyperref definitions for pdfmark specials
\pdf@docset=\toks16
\pdf@box=\box45
\pdf@toks=\toks17
\pdf@defaulttoks=\toks18
\HyField@AnnotCount=\count184
\Fld@listcount=\count185
\c@bookmark@seq@number=\count186

(/usr/share/texlive/texmf-dist/tex/latex/rerunfilecheck/rerunfilecheck.sty
Package: rerunfilecheck 2019/12/05 v1.9 Rerun checks for auxiliary files (HO)

(/usr/share/texlive/texmf-dist/tex/latex/atveryend/atveryend.sty
Package: atveryend 2019-12-11 v1.11 Hooks at the very end of document (HO)
Package atveryend Info: \enddocument detected (standard20110627).
)
(/usr/share/texlive/texmf-dist/tex/generic/uniquecounter/uniquecounter.sty
Package: uniquecounter 2019/12/15 v1.4 Provide unlimited unique counter (HO)
)
Package uniquecounter Info: New unique counter `rerunfilecheck' on input line 2
86.
)
\Hy@SectionHShift=\skip49
))
(/usr/share/texlive/texmf-dist/tex/latex/base/latexsym.sty
Package: latexsym 1998/08/17 v2.2e Standard LaTeX package (lasy symbols)
\symlasy=\mathgroup6
LaTeX Font Info:    Overwriting symbol font `lasy' in version `bold'
(Font)                  U/lasy/m/n --> U/lasy/b/n on input line 52.
)
(./authordate1-4.sty
\bibhang=\skip50
)
(/usr/share/texlive/texmf-dist/tex/latex/l3backend/l3backend-dvips.def
File: l3backend-dvips.def 2020-02-03 L3 backend support: dvips
\l__pdf_internal_box=\box46
\g__pdf_backend_object_int=\count187
\l__pdf_backend_content_box=\box47
\l__pdf_backend_model_box=\box48
\g__pdf_backend_annotation_int=\count188
\g__pdf_backend_link_int=\count189
\g__pdf_backend_link_sf_int=\count190
)
(./biblio.aux)
\openout1 = `biblio.aux'.

LaTeX Font Info:    Checking defaults for OML/cmm/m/it on input line 8.
LaTeX Font Info:    ... okay on input line 8.
LaTeX Font Info:    Checking defaults for OMS/cmsy/m/n on input line 8.
LaTeX Font Info:    ... okay on input line 8.
LaTeX Font Info:    Checking defaults for OT1/cmr/m/n on input line 8.
LaTeX Font Info:    ... okay on input line 8.
LaTeX Font Info:    Checking defaults for T1/cmr/m/n on input line 8.
LaTeX Font Info:    ... okay on input line 8.
LaTeX Font Info:    Checking defaults for TS1/cmr/m/n on input line 8.
LaTeX Font Info:    ... okay on input line 8.
LaTeX Font Info:    Checking defaults for OMX/cmex/m/n on input line 8.
LaTeX Font Info:    ... okay on input line 8.
LaTeX Font Info:    Checking defaults for U/cmr/m/n on input line 8.
LaTeX Font Info:    ... okay on input line 8.
LaTeX Font Info:    Checking defaults for PD1/pdf/m/n on input line 8.
LaTeX Font Info:    ... okay on input line 8.
\AtBeginShipoutBox=\box49
Package hyperref Info: Link coloring OFF on input line 8.
 (/usr/share/texlive/texmf-dist/tex/latex/hyperref/nameref.sty
Package: nameref 2019/09/16 v2.46 Cross-referencing by name of section

(/usr/share/texlive/texmf-dist/tex/latex/refcount/refcount.sty
Package: refcount 2019/12/15 v3.6 Data extraction from label references (HO)
)
(/usr/share/texlive/texmf-dist/tex/generic/gettitlestring/gettitlestring.sty
Package: gettitlestring 2019/12/15 v1.6 Cleanup title references (HO)
)
\c@section@level=\count191
)
LaTeX Info: Redefining \ref on input line 8.
LaTeX Info: Redefining \pageref on input line 8.
LaTeX Info: Redefining \nameref on input line 8.

(./biblio.out) (./biblio.out)
\@outlinefile=\write3
\openout3 = `biblio.out'.



LaTeX Warning: Citation `Kadiri-Faber*18' undefined on input line 95.


LaTeX Warning: Citation `Kadiri*18' undefined on input line 210.

(./biblio.bbl
LaTeX Font Info:    Trying to load font information for U+msa on input line 5.
 (/usr/share/texlive/texmf-dist/tex/latex/amsfonts/umsa.fd
File: umsa.fd 2013/01/14 v3.01 AMS symbols A
)
LaTeX Font Info:    Trying to load font information for U+msb on input line 5.

(/usr/share/texlive/texmf-dist/tex/latex/amsfonts/umsb.fd
File: umsb.fd 2013/01/14 v3.01 AMS symbols B
)
LaTeX Font Info:    Trying to load font information for U+lasy on input line 5.


(/usr/share/texlive/texmf-dist/tex/latex/base/ulasy.fd
File: ulasy.fd 1998/08/17 v2.2e LaTeX symbol font definitions
) [1

] [2] [3]
Underfull \hbox (badness 2762) in paragraph at lines 293--298
[]\OT1/cmr/m/n/10 Dress, F. 1983/84.  Th^^Seor^^Remes d'oscillations et fonc-ti
on de M^^?obius.
 []


Underfull \hbox (badness 2521) in paragraph at lines 293--298
\OT1/cmr/m/it/10 S^^Semin. Th^^Seor. Nom-bres, Univ. Bor-deaux I\OT1/cmr/m/n/10
 , \OT1/cmr/bx/n/10 Exp. No 33\OT1/cmr/m/n/10 , 33pp.
 []


Underfull \hbox (badness 10000) in paragraph at lines 342--347
[]\OT1/cmr/m/n/10 Dusart, P. 1998.  \OT1/cmr/m/it/10 Au-tour de la fonc-tion qu
i compte le
 []


Underfull \hbox (badness 10000) in paragraph at lines 342--347
\OT1/cmr/m/it/10 nom-bre de nom-bres pre-miers\OT1/cmr/m/n/10 .  Ph.D. the-sis,
 Limo-ges,
 []

[4]
Underfull \hbox (badness 6348) in paragraph at lines 433--438
\OT1/cmr/m/it/10 Siegel-Formel\OT1/cmr/m/n/10 .  Ph.D. the-sis, Mathematisch-Na
turwissenschaftliche
 []


Underfull \hbox (badness 1552) in paragraph at lines 445--450
\OT1/cmr/m/n/10 mann Zeta Func-tion and ze-ros com-pu-ta-tions at very large he
ight.
 []


Overfull \hbox (120.88525pt too wide) in paragraph at lines 445--450
[][][][]\OT1/cmr/m/n/10 . 
 []

[5]
Underfull \hbox (badness 7888) in paragraph at lines 465--469
[]\OT1/cmr/m/n/10 Granville, A., & Soundarara-jan, K. 2003.  The dis-tri-bu-tio
n of
 []


Underfull \hbox (badness 10000) in paragraph at lines 465--469
\OT1/cmr/m/n/10 val-ues of $\OML/cmm/m/it/10 L\OT1/cmr/m/n/10 (1\OML/cmm/m/it/1
0 ; ^^_\OT1/cmr/m/n/10 )$.  \OT1/cmr/m/it/10 Geom. Func. Anal.\OT1/cmr/m/n/10 ,
 \OT1/cmr/bx/n/10 13\OT1/cmr/m/n/10 (5), 992--1028.
 []


Underfull \hbox (badness 1622) in paragraph at lines 491--495
[]\OT1/cmr/m/n/10 Helfgott, H.A. 2017.  $\OML/cmm/m/it/10 L[]$ \OT1/cmr/m/it/10
 bounds for tails of $\OML/cmm/m/it/10 ^^P\OT1/cmr/m/n/10 (\OML/cmm/m/it/10 s\O
T1/cmr/m/n/10 )$ \OT1/cmr/m/it/10 on a ver-ti-cal line\OT1/cmr/m/n/10 .
 []


Overfull \hbox (192.02338pt too wide) in paragraph at lines 491--495
[][][][]\OT1/cmr/m/n/10 . 
 []

[6]
Underfull \hbox (badness 5008) in paragraph at lines 563--568
[]\OT1/cmr/m/n/10 Kadiri, H. 2002.  \OT1/cmr/m/it/10 Une r^^Segion ex-plicite s
ans z^^Seros pour les fonc-
 []


Underfull \hbox (badness 10000) in paragraph at lines 563--568
\OT1/cmr/m/it/10 tions $\OML/cmm/m/it/10 L$ \OT1/cmr/m/it/10 de Dirich-let\OT1/
cmr/m/n/10 .  Ph.D. the-sis, Uni-ver-sit^^Se Lille 1.
 []


Underfull \hbox (badness 10000) in paragraph at lines 588--592
[]\OT1/cmr/m/n/10 Kadiri, H. 2012.  Ex-plicit zero-free re-gions for Dedekind
 []


Underfull \hbox (badness 10000) in paragraph at lines 588--592
\OT1/cmr/m/n/10 zeta func-tions.  \OT1/cmr/m/it/10 Int. J. Num-ber The-ory\OT1/
cmr/m/n/10 , \OT1/cmr/bx/n/10 8\OT1/cmr/m/n/10 (1), 125--147.
 []

[7] [8] [9]
Underfull \hbox (badness 1859) in paragraph at lines 833--837
[]\OT1/cmr/m/n/10 Nicolas, J.-L. 2008.  Quelques in^^Segalit^^Ses ef-fec-tives 
en-tre des fonc-tions
 []

[10] [11] [12]
Underfull \hbox (badness 10000) in paragraph at lines 1136--1139
[]\OT1/cmr/m/n/10 Trudgian, T. 2012.  A new up-per bound for $\OMS/cmsy/m/n/10 
j\OML/cmm/m/it/10 ^^P\OT1/cmr/m/n/10 (1 + \OML/cmm/m/it/10 it\OT1/cmr/m/n/10 )\
OMS/cmsy/m/n/10 j$\OT1/cmr/m/n/10 .
 []

[13])
Package atveryend Info: Empty hook `BeforeClearDocument' on input line 333.
 [14]
Package atveryend Info: Empty hook `AfterLastShipout' on input line 333.
 (./biblio.aux)
Package atveryend Info: Empty hook `AtVeryEndDocument' on input line 333.
Package atveryend Info: Executing hook `AtEndAfterFileList' on input line 333.
Package rerunfilecheck Info: File `biblio.out' has not changed.
(rerunfilecheck)             Checksum: 9F07EC05F143D1F0C6494F0F9D9DFD36;46.


LaTeX Warning: There were undefined references.

Package atveryend Info: Empty hook `AtVeryVeryEnd' on input line 333.
 ) 
Here is how much of TeX's memory you used:
 5237 strings out of 483082
 79820 string characters out of 5963467
 343270 words of memory out of 5000000
 20199 multiletter control sequences out of 15000+600000
 535950 words of font info for 41 fonts, out of 8000000 for 9000
 59 hyphenation exceptions out of 8191
 37i,4n,31p,252b,407s stack positions out of 5000i,500n,10000p,200000b,80000s

Output written on biblio.dvi (14 pages, 83924 bytes).
