This is pdfTeX, Version 3.14159265-2.6-1.40.16 (TeX Live 2015/Debian) (preloaded format=pdflatex 2016.10.1)  15 FEB 2017 09:47
entering extended mode
 restricted \write18 enabled.
 %&-line parsing enabled.
**booklet.tex
(/usr/share/texlive/texmf-dist/tex/latex/tools/r.tex
! Interruption.
<to be read again> 
                   \begingroup 
l.1 
    %%
? R
OK, entering \nonstopmode...
LaTeX2e <2016/02/01>
Babel <3.9q> and hyphenation patterns for 33 language(s) loaded.
File ignored
)
! Emergency stop.
<*> booklet.tex
               
*** (job aborted, no legal \end found)

 
Here is how much of TeX's memory you used:
 7 strings out of 494310
 253 string characters out of 6162891
 47878 words of memory out of 5000000
 3440 multiletter control sequences out of 15000+600000
 3640 words of font info for 14 fonts, out of 8000000 for 9000
 372 hyphenation exceptions out of 8191
 5i,0n,1p,91b,8s stack positions out of 5000i,500n,10000p,200000b,80000s
!  ==> Fatal error occurred, no output PDF file produced!
